<?xml version="1.0" encoding="UTF-8"?>
<testng-results ignored="0" total="1" passed="1" failed="0" skipped="0">
  <reporter-output>
  </reporter-output>
  <suite started-at="2023-04-25T01:58:28 IST" name="Test" finished-at="2023-04-25T01:58:50 IST" duration-ms="21904">
    <groups>
    </groups>
    <test started-at="2023-04-25T01:58:28 IST" name="Test On Chrome" finished-at="2023-04-25T01:58:50 IST" duration-ms="21904">
      <class name="makemytriptest.makeMyTripTest">
        <test-method is-config="true" signature="setUp(java.lang.String)[pri:0, instance:makemytriptest.makeMyTripTest@5fe94a96]" started-at="2023-04-25T01:58:28 IST" name="setUp" finished-at="2023-04-25T01:58:31 IST" duration-ms="2396" status="PASS">
          <params>
            <param index="0">
              <value>
                <![CDATA[Chrome]]>
              </value>
            </param>
          </params>
          <reporter-output>
          </reporter-output>
        </test-method> <!-- setUp -->
        <test-method is-config="true" signature="goHome()[pri:0, instance:makemytriptest.makeMyTripTest@5fe94a96]" started-at="2023-04-25T01:58:31 IST" name="goHome" finished-at="2023-04-25T01:58:31 IST" duration-ms="139" status="PASS">
          <reporter-output>
          </reporter-output>
        </test-method> <!-- goHome -->
        <test-method signature="makeMyTripFlightSearch()[pri:0, instance:makemytriptest.makeMyTripTest@5fe94a96]" started-at="2023-04-25T01:58:31 IST" name="makeMyTripFlightSearch" finished-at="2023-04-25T01:58:49 IST" duration-ms="17748" status="PASS">
          <reporter-output>
          </reporter-output>
        </test-method> <!-- makeMyTripFlightSearch -->
        <test-method is-config="true" signature="recordFailure(org.testng.ITestResult)[pri:0, instance:makemytriptest.makeMyTripTest@5fe94a96]" started-at="2023-04-25T01:58:49 IST" name="recordFailure" finished-at="2023-04-25T01:58:49 IST" duration-ms="0" status="PASS">
          <params>
            <param index="0">
              <value>
                <![CDATA[[TestResult name=makeMyTripFlightSearch status=SUCCESS method=makeMyTripTest.makeMyTripFlightSearch()[pri:0, instance:makemytriptest.makeMyTripTest@5fe94a96] output={null}]]]>
              </value>
            </param>
          </params>
          <reporter-output>
          </reporter-output>
        </test-method> <!-- recordFailure -->
        <test-method is-config="true" signature="tearDown()[pri:0, instance:makemytriptest.makeMyTripTest@5fe94a96]" started-at="2023-04-25T01:58:49 IST" name="tearDown" finished-at="2023-04-25T01:58:50 IST" duration-ms="1574" status="PASS">
          <reporter-output>
          </reporter-output>
        </test-method> <!-- tearDown -->
      </class> <!-- makemytriptest.makeMyTripTest -->
    </test> <!-- Test On Chrome -->
  </suite> <!-- Test -->
</testng-results>
